BeautyCamera-master/app/build/outputs/logs/manifest-merger-debug-report.txt
-- Merging decision tree log ---
manifest
ADDED from src\main\AndroidManifest.xml:2:1-34:12
INJECTED from src\main\AndroidManifest.xml:2:1-34:12
INJECTED from src\main\AndroidManifest.xml:2:1-34:12
INJECTED from src\main\AndroidManifest.xml:2:1-34:12
MERGED from [:OpenCVLibrary320] AndroidManifest.xml:2:1-39:12
MERGED from [com.android.support:design:28.0.0-alpha1] AndroidManifest.xml:17:1-24:12
MERGED from [com.android.support:design-bottomappbar:28.0.0-alpha1] AndroidManifest.xml:17:1-24:12
MERGED from [com.android.support:design-theme:28.0.0-alpha1] AndroidManifest.xml:17:1-24:12
MERGED from [com.android.support:design-transformation:28.0.0-alpha1] AndroidManifest.xml:17:1-24:12
MERGED from [com.android.support:design-widget:28.0.0-alpha1] AndroidManifest.xml:17:1-24:12
MERGED from [com.android.support:design-bottomsheet:28.0.0-alpha1] AndroidManifest.xml:17:1-24:12
MERGED from [com.android.support:design-dialog:28.0.0-alpha1] AndroidManifest.xml:17:1-24:12
MERGED from [com.android.support:design-button:28.0.0-alpha1] AndroidManifest.xml:17:1-24:12
MERGED from [com.android.support:design-card:28.0.0-alpha1] AndroidManifest.xml:17:1-24:12
MERGED from [com.android.support:design-chip:28.0.0-alpha1] AndroidManifest.xml:17:1-24:12
MERGED from [com.android.support:design-internal:28.0.0-alpha1] AndroidManifest.xml:17:1-24:12
MERGED from [com.android.support:design-bottomnavigation:28.0.0-alpha1] AndroidManifest.xml:17:1-24:12
MERGED from [com.android.support:design-floatingactionbutton:28.0.0-alpha1] AndroidManifest.xml:17:1-24:12
MERGED from [com.android.support:design-navigation:28.0.0-alpha1] AndroidManifest.xml:17:1-24:12
MERGED from [com.android.support:design-resources:28.0.0-alpha1] AndroidManifest.xml:17:1-24:12
MERGED from [com.android.support:design-tabs:28.0.0-alpha1] AndroidManifest.xml:17:1-24:12
MERGED from [com.android.support:design-textfield:28.0.0-alpha1] AndroidManifest.xml:17:1-24:12
MERGED from [com.android.support:design-typography:28.0.0-alpha1] AndroidManifest.xml:17:1-24:12
MERGED from [com.android.support:design-shape:28.0.0-alpha1] AndroidManifest.xml:17:1-24:12
MERGED from [com.android.support:appcompat-v7:28.0.0-alpha1] AndroidManifest.xml:17:1-23:12
MERGED from [com.android.support.constraint:constraint-layout:1.0.2] AndroidManifest.xml:2:1-11:12
MERGED from [com.android.support:support-fragment:28.0.0-alpha1] AndroidManifest.xml:17:1-23:12
MERGED from [com.android.support:recyclerview-v7:28.0.0-alpha1] AndroidManifest.xml:17:1-23:12
MERGED from [com.android.support:design-animation:28.0.0-alpha1] AndroidManifest.xml:17:1-24:12
MERGED from [com.android.support:design-circularreveal-coordinatorlayout:28.0.0-alpha1] AndroidManifest.xml:17:1-24:12
MERGED from [com.android.support:design-expandable:28.0.0-alpha1] AndroidManifest.xml:17:1-24:12
MERGED from [com.android.support:design-stateful:28.0.0-alpha1] AndroidManifest.xml:17:1-24:12
MERGED from [com.android.support:animated-vector-drawable:28.0.0-alpha1] AndroidManifest.xml:17:1-23:12
MERGED from [com.android.support:support-core-ui:28.0.0-alpha1] AndroidManifest.xml:17:1-23:12
MERGED from [com.android.support:design-ripple:28.0.0-alpha1] AndroidManifest.xml:17:1-24:12
MERGED from [com.android.support:support-core-utils:28.0.0-alpha1] AndroidManifest.xml:17:1-23:12
MERGED from [com.android.support:transition:28.0.0-alpha1] AndroidManifest.xml:17:1-23:12
MERGED from [com.android.support:viewpager:28.0.0-alpha1] AndroidManifest.xml:17:1-23:12
MERGED from [com.android.support:coordinatorlayout:28.0.0-alpha1] AndroidManifest.xml:17:1-23:12
MERGED from [com.android.support:drawerlayout:28.0.0-alpha1] AndroidManifest.xml:17:1-23:12
MERGED from [com.android.support:slidingpanelayout:28.0.0-alpha1] AndroidManifest.xml:17:1-23:12
MERGED from [com.android.support:customview:28.0.0-alpha1] AndroidManifest.xml:17:1-23:12
MERGED from [com.android.support:swiperefreshlayout:28.0.0-alpha1] AndroidManifest.xml:17:1-23:12
MERGED from [com.android.support:asynclayoutinflater:28.0.0-alpha1] AndroidManifest.xml:17:1-23:12
MERGED from [com.android.support:loader:28.0.0-alpha1] AndroidManifest.xml:17:1-23:12
MERGED from [com.android.support:support-vector-drawable:28.0.0-alpha1] AndroidManifest.xml:17:1-22:12
MERGED from [com.android.support:support-compat:28.0.0-alpha1] AndroidManifest.xml:17:1-23:12
MERGED from [com.android.support:design-canvas:28.0.0-alpha1] AndroidManifest.xml:17:1-24:12
MERGED from [com.android.support:design-circularreveal-cardview:28.0.0-alpha1] AndroidManifest.xml:17:1-24:12
MERGED from [com.android.support:design-circularreveal:28.0.0-alpha1] AndroidManifest.xml:17:1-24:12
MERGED from [com.android.support:design-drawable:28.0.0-alpha1] AndroidManifest.xml:17:1-24:12
MERGED from [com.android.support:interpolator:28.0.0-alpha1] AndroidManifest.xml:17:1-23:12
MERGED from [com.android.support:cursoradapter:28.0.0-alpha1] AndroidManifest.xml:17:1-23:12
MERGED from [com.android.support:documentfile:28.0.0-alpha1] AndroidManifest.xml:17:1-23:12
MERGED from [com.android.support:localbroadcastmanager:28.0.0-alpha1] AndroidManifest.xml:17:1-23:12
MERGED from [com.android.support:print:28.0.0-alpha1] AndroidManifest.xml:17:1-23:12
MERGED from [com.android.support:cardview-v7:28.0.0-alpha1] AndroidManifest.xml:17:1-23:12
MERGED from [com.android.support:design-color:28.0.0-alpha1] AndroidManifest.xml:17:1-24:12
MERGED from [com.android.support:design-math:28.0.0-alpha1] AndroidManifest.xml:17:1-24:12
MERGED from [com.android.support:design-snackbar:28.0.0-alpha1] AndroidManifest.xml:17:1-24:12
MERGED from [android.arch.lifecycle:runtime:1.1.0] AndroidManifest.xml:17:1-22:12
MERGED from [android.arch.lifecycle:viewmodel:1.1.0] AndroidManifest.xml:17:1-22:12
MERGED from [android.arch.lifecycle:livedata-core:1.1.0] AndroidManifest.xml:17:1-22:12
MERGED from [android.arch.core:runtime:1.1.0] AndroidManifest.xml:17:1-22:12
INJECTED from src\main\AndroidManifest.xml:2:1-34:12
INJECTED from src\main\AndroidManifest.xml:2:1-34:12
INJECTED from src\main\AndroidManifest.xml:2:1-34:12
	package
		ADDED from src\main\AndroidManifest.xml:3:5-31
		INJECTED from src\main\AndroidManifest.xml
		INJECTED from src\main\AndroidManifest.xml
	android:versionName
		INJECTED from src\main\AndroidManifest.xml
		ADDED from src\main\AndroidManifest.xml:2:1-34:12
		INJECTED from src\main\AndroidManifest.xml
	android:versionCode
		INJECTED from src\main\AndroidManifest.xml
		ADDED from src\main\AndroidManifest.xml:2:1-34:12
		INJECTED from src\main\AndroidManifest.xml
	xmlns:android
		ADDED from src\main\AndroidManifest.xml:2:11-69
uses-permission#android.permission.WRITE_EXTERNAL_STORAGE
ADDED from src\main\AndroidManifest.xml:5:5-81
	android:name
		ADDED from src\main\AndroidManifest.xml:5:22-78
uses-permission#android.permission.INTERNET
ADDED from src\main\AndroidManifest.xml:6:5-67
	android:name
		ADDED from src\main\AndroidManifest.xml:6:22-64
application
ADDED from src\main\AndroidManifest.xml:8:5-32:19
MERGED from [:OpenCVLibrary320] AndroidManifest.xml:33:5-37:19
MERGED from [:OpenCVLibrary320] AndroidManifest.xml:33:5-37:19
MERGED from [com.android.support:design:28.0.0-alpha1] AndroidManifest.xml:22:5-20
MERGED from [com.android.support:design:28.0.0-alpha1] AndroidManifest.xml:22:5-20
MERGED from [com.android.support:design-bottomappbar:28.0.0-alpha1] AndroidManifest.xml:22:5-20
MERGED from [com.android.support:design-bottomappbar:28.0.0-alpha1] AndroidManifest.xml:22:5-20
MERGED from [com.android.support:design-theme:28.0.0-alpha1] AndroidManifest.xml:22:5-20
MERGED from [com.android.support:design-theme:28.0.0-alpha1] AndroidManifest.xml:22:5-20
MERGED from [com.android.support:design-transformation:28.0.0-alpha1] AndroidManifest.xml:22:5-20
MERGED from [com.android.support:design-transformation:28.0.0-alpha1] AndroidManifest.xml:22:5-20
MERGED from [com.android.support:design-widget:28.0.0-alpha1] AndroidManifest.xml:22:5-20
MERGED from [com.android.support:design-widget:28.0.0-alpha1] AndroidManifest.xml:22:5-20
MERGED from [com.android.support:design-bottomsheet:28.0.0-alpha1] AndroidManifest.xml:22:5-20
MERGED from [com.android.support:design-bottomsheet:28.0.0-alpha1] AndroidManifest.xml:22:5-20
MERGED from [com.android.support:design-dialog:28.0.0-alpha1] AndroidManifest.xml:22:5-20
MERGED from [com.android.support:design-dialog:28.0.0-alpha1] AndroidManifest.xml:22:5-20
MERGED from [com.android.support:design-button:28.0.0-alpha1] AndroidManifest.xml:22:5-20
MERGED from [com.android.support:design-button:28.0.0-alpha1] AndroidManifest.xml:22:5-20
MERGED from [com.android.support:design-card:28.0.0-alpha1] AndroidManifest.xml:22:5-20
MERGED from [com.android.support:design-card:28.0.0-alpha1] AndroidManifest.xml:22:5-20
MERGED from [com.android.support:design-chip:28.0.0-alpha1] AndroidManifest.xml:22:5-20
MERGED from [com.android.support:design-chip:28.0.0-alpha1] AndroidManifest.xml:22:5-20
MERGED from [com.android.support:design-internal:28.0.0-alpha1] AndroidManifest.xml:22:5-20
MERGED from [com.android.support:design-internal:28.0.0-alpha1] AndroidManifest.xml:22:5-20
MERGED from [com.android.support:design-bottomnavigation:28.0.0-alpha1] AndroidManifest.xml:22:5-20
MERGED from [com.android.support:design-bottomnavigation:28.0.0-alpha1] AndroidManifest.xml:22:5-20
MERGED from [com.android.support:design-floatingactionbutton:28.0.0-alpha1] AndroidManifest.xml:22:5-20
MERGED from [com.android.support:design-floatingactionbutton:28.0.0-alpha1] AndroidManifest.xml:22:5-20
MERGED from [com.android.support:design-navigation:28.0.0-alpha1] AndroidManifest.xml:22:5-20
MERGED from [com.android.support:design-navigation:28.0.0-alpha1] AndroidManifest.xml:22:5-20
MERGED from [com.android.support:design-resources:28.0.0-alpha1] AndroidManifest.xml:22:5-20
MERGED from [com.android.support:design-resources:28.0.0-alpha1] AndroidManifest.xml:22:5-20
MERGED from [com.android.support:design-tabs:28.0.0-alpha1] AndroidManifest.xml:22:5-20
MERGED from [com.android.support:design-tabs:28.0.0-alpha1] AndroidManifest.xml:22:5-20
MERGED from [com.android.support:design-textfield:28.0.0-alpha1] AndroidManifest.xml:22:5-20
MERGED from [com.android.support:design-textfield:28.0.0-alpha1] AndroidManifest.xml:22:5-20
MERGED from [com.android.support:design-typography:28.0.0-alpha1] AndroidManifest.xml:22:5-20
MERGED from [com.android.support:design-typography:28.0.0-alpha1] AndroidManifest.xml:22:5-20
MERGED from [com.android.support:design-shape:28.0.0-alpha1] AndroidManifest.xml:22:5-20
MERGED from [com.android.support:design-shape:28.0.0-alpha1] AndroidManifest.xml:22:5-20
MERGED from [com.android.support.constraint:constraint-layout:1.0.2] AndroidManifest.xml:9:5-20
MERGED from [com.android.support.constraint:constraint-layout:1.0.2] AndroidManifest.xml:9:5-20
MERGED from [com.android.support:design-animation:28.0.0-alpha1] AndroidManifest.xml:22:5-20
MERGED from [com.android.support:design-animation:28.0.0-alpha1] AndroidManifest.xml:22:5-20
MERGED from [com.android.support:design-circularreveal-coordinatorlayout:28.0.0-alpha1] AndroidManifest.xml:22:5-20
MERGED from [com.android.support:design-circularreveal-coordinatorlayout:28.0.0-alpha1] AndroidManifest.xml:22:5-20
MERGED from [com.android.support:design-expandable:28.0.0-alpha1] AndroidManifest.xml:22:5-20
MERGED from [com.android.support:design-expandable:28.0.0-alpha1] AndroidManifest.xml:22:5-20
MERGED from [com.android.support:design-stateful:28.0.0-alpha1] AndroidManifest.xml:22:5-20
MERGED from [com.android.support:design-stateful:28.0.0-alpha1] AndroidManifest.xml:22:5-20
MERGED from [com.android.support:design-ripple:28.0.0-alpha1] AndroidManifest.xml:22:5-20
MERGED from [com.android.support:design-ripple:28.0.0-alpha1] AndroidManifest.xml:22:5-20
MERGED from [com.android.support:design-canvas:28.0.0-alpha1] AndroidManifest.xml:22:5-20
MERGED from [com.android.support:design-canvas:28.0.0-alpha1] AndroidManifest.xml:22:5-20
MERGED from [com.android.support:design-circularreveal-cardview:28.0.0-alpha1] AndroidManifest.xml:22:5-20
MERGED from [com.android.support:design-circularreveal-cardview:28.0.0-alpha1] AndroidManifest.xml:22:5-20
MERGED from [com.android.support:design-circularreveal:28.0.0-alpha1] AndroidManifest.xml:22:5-20
MERGED from [com.android.support:design-circularreveal:28.0.0-alpha1] AndroidManifest.xml:22:5-20
MERGED from [com.android.support:design-drawable:28.0.0-alpha1] AndroidManifest.xml:22:5-20
MERGED from [com.android.support:design-drawable:28.0.0-alpha1] AndroidManifest.xml:22:5-20
MERGED from [com.android.support:design-color:28.0.0-alpha1] AndroidManifest.xml:22:5-20
MERGED from [com.android.support:design-color:28.0.0-alpha1] AndroidManifest.xml:22:5-20
MERGED from [com.android.support:design-math:28.0.0-alpha1] AndroidManifest.xml:22:5-20
MERGED from [com.android.support:design-math:28.0.0-alpha1] AndroidManifest.xml:22:5-20
MERGED from [com.android.support:design-snackbar:28.0.0-alpha1] AndroidManifest.xml:22:5-20
MERGED from [com.android.support:design-snackbar:28.0.0-alpha1] AndroidManifest.xml:22:5-20
	android:supportsRtl
		ADDED from src\main\AndroidManifest.xml:12:9-35
	android:label
		ADDED from src\main\AndroidManifest.xml:11:9-41
	android:icon
		ADDED from src\main\AndroidManifest.xml:10:9-43
	android:allowBackup
		ADDED from src\main\AndroidManifest.xml:9:9-35
	android:theme
		ADDED from src\main\AndroidManifest.xml:13:9-40
activity#com.frank.camera.activity.MainActivity
ADDED from src\main\AndroidManifest.xml:14:9-22:20
	android:screenOrientation
		ADDED from src\main\AndroidManifest.xml:16:13-49
	android:name
		ADDED from src\main\AndroidManifest.xml:15:13-50
intent-filter#action:name:android.intent.action.MAIN+category:name:android.intent.category.LAUNCHER
ADDED from src\main\AndroidManifest.xml:17:13-21:29
action#android.intent.action.MAIN
ADDED from src\main\AndroidManifest.xml:18:17-69
	android:name
		ADDED from src\main\AndroidManifest.xml:18:25-66
category#android.intent.category.LAUNCHER
ADDED from src\main\AndroidManifest.xml:20:17-77
	android:name
		ADDED from src\main\AndroidManifest.xml:20:27-74
activity#com.frank.camera.activity.FaceBeautyActivity
ADDED from src\main\AndroidManifest.xml:23:9-26:54
	android:screenOrientation
		ADDED from src\main\AndroidManifest.xml:25:13-50
	android:theme
		ADDED from src\main\AndroidManifest.xml:26:13-51
	android:name
		ADDED from src\main\AndroidManifest.xml:24:13-56
activity#com.frank.camera.activity.BaseActivity
ADDED from src\main\AndroidManifest.xml:27:9-59
	android:name
		ADDED from src\main\AndroidManifest.xml:27:19-56
activity#com.frank.camera.activity.MainEditActivity
ADDED from src\main\AndroidManifest.xml:28:9-30:64
	android:label
		ADDED from src\main\AndroidManifest.xml:30:13-61
	android:name
		ADDED from src\main\AndroidManifest.xml:29:13-54
activity#com.frank.camera.activity.PhotoSelectActivity
ADDED from src\main\AndroidManifest.xml:31:9-75
	android:name
		ADDED from src\main\AndroidManifest.xml:31:19-63
uses-sdk
INJECTED from src\main\AndroidManifest.xml reason: use-sdk injection requested
INJECTED from src\main\AndroidManifest.xml
INJECTED from src\main\AndroidManifest.xml
MERGED from [:OpenCVLibrary320] AndroidManifest.xml:7:5-9:41
MERGED from [:OpenCVLibrary320] AndroidManifest.xml:7:5-9:41
MERGED from [com.android.support:design:28.0.0-alpha1] AndroidManifest.xml:20:5-44
MERGED from [com.android.support:design:28.0.0-alpha1] AndroidManifest.xml:20:5-44
MERGED from [com.android.support:design-bottomappbar:28.0.0-alpha1] AndroidManifest.xml:20:5-44
MERGED from [com.android.support:design-bottomappbar:28.0.0-alpha1] AndroidManifest.xml:20:5-44
MERGED from [com.android.support:design-theme:28.0.0-alpha1] AndroidManifest.xml:20:5-44
MERGED from [com.android.support:design-theme:28.0.0-alpha1] AndroidManifest.xml:20:5-44
MERGED from [com.android.support:design-transformation:28.0.0-alpha1] AndroidManifest.xml:20:5-44
MERGED from [com.android.support:design-transformation:28.0.0-alpha1] AndroidManifest.xml:20:5-44
MERGED from [com.android.support:design-widget:28.0.0-alpha1] AndroidManifest.xml:20:5-44
MERGED from [com.android.support:design-widget:28.0.0-alpha1] AndroidManifest.xml:20:5-44
MERGED from [com.android.support:design-bottomsheet:28.0.0-alpha1] AndroidManifest.xml:20:5-44
MERGED from [com.android.support:design-bottomsheet:28.0.0-alpha1] AndroidManifest.xml:20:5-44
MERGED from [com.android.support:design-dialog:28.0.0-alpha1] AndroidManifest.xml:20:5-44
MERGED from [com.android.support:design-dialog:28.0.0-alpha1] AndroidManifest.xml:20:5-44
MERGED from [com.android.support:design-button:28.0.0-alpha1] AndroidManifest.xml:20:5-44
MERGED from [com.android.support:design-button:28.0.0-alpha1] AndroidManifest.xml:20:5-44
MERGED from [com.android.support:design-card:28.0.0-alpha1] AndroidManifest.xml:20:5-44
MERGED from [com.android.support:design-card:28.0.0-alpha1] AndroidManifest.xml:20:5-44
MERGED from [com.android.support:design-chip:28.0.0-alpha1] AndroidManifest.xml:20:5-44
MERGED from [com.android.support:design-chip:28.0.0-alpha1] AndroidManifest.xml:20:5-44
MERGED from [com.android.support:design-internal:28.0.0-alpha1] AndroidManifest.xml:20:5-44
MERGED from [com.android.support:design-internal:28.0.0-alpha1] AndroidManifest.xml:20:5-44
MERGED from [com.android.support:design-bottomnavigation:28.0.0-alpha1] AndroidManifest.xml:20:5-44
MERGED from [com.android.support:design-bottomnavigation:28.0.0-alpha1] AndroidManifest.xml:20:5-44
MERGED from [com.android.support:design-floatingactionbutton:28.0.0-alpha1] AndroidManifest.xml:20:5-44
MERGED from [com.android.support:design-floatingactionbutton:28.0.0-alpha1] AndroidManifest.xml:20:5-44
MERGED from [com.android.support:design-navigation:28.0.0-alpha1] AndroidManifest.xml:20:5-44
MERGED from [com.android.support:design-navigation:28.0.0-alpha1] AndroidManifest.xml:20:5-44
MERGED from [com.android.support:design-resources:28.0.0-alpha1] AndroidManifest.xml:20:5-44
MERGED from [com.android.support:design-resources:28.0.0-alpha1] AndroidManifest.xml:20:5-44
MERGED from [com.android.support:design-tabs:28.0.0-alpha1] AndroidManifest.xml:20:5-44
MERGED from [com.android.support:design-tabs:28.0.0-alpha1] AndroidManifest.xml:20:5-44
MERGED from [com.android.support:design-textfield:28.0.0-alpha1] AndroidManifest.xml:20:5-44
MERGED from [com.android.support:design-textfield:28.0.0-alpha1] AndroidManifest.xml:20:5-44
MERGED from [com.android.support:design-typography:28.0.0-alpha1] AndroidManifest.xml:20:5-44
MERGED from [com.android.support:design-typography:28.0.0-alpha1] AndroidManifest.xml:20:5-44
MERGED from [com.android.support:design-shape:28.0.0-alpha1] AndroidManifest.xml:20:5-44
MERGED from [com.android.support:design-shape:28.0.0-alpha1] AndroidManifest.xml:20:5-44
MERGED from [com.android.support:appcompat-v7:28.0.0-alpha1] AndroidManifest.xml:21:5-44
MERGED from [com.android.support:appcompat-v7:28.0.0-alpha1] AndroidManifest.xml:21:5-44
MERGED from [com.android.support.constraint:constraint-layout:1.0.2] AndroidManifest.xml:5:5-7:41
MERGED from [com.android.support.constraint:constraint-layout:1.0.2] AndroidManifest.xml:5:5-7:41
MERGED from [com.android.support:support-fragment:28.0.0-alpha1] AndroidManifest.xml:21:5-44
MERGED from [com.android.support:support-fragment:28.0.0-alpha1] AndroidManifest.xml:21:5-44
MERGED from [com.android.support:recyclerview-v7:28.0.0-alpha1] AndroidManifest.xml:21:5-44
MERGED from [com.android.support:recyclerview-v7:28.0.0-alpha1] AndroidManifest.xml:21:5-44
MERGED from [com.android.support:design-animation:28.0.0-alpha1] AndroidManifest.xml:20:5-44
MERGED from [com.android.support:design-animation:28.0.0-alpha1] AndroidManifest.xml:20:5-44
MERGED from [com.android.support:design-circularreveal-coordinatorlayout:28.0.0-alpha1] AndroidManifest.xml:20:5-44
MERGED from [com.android.support:design-circularreveal-coordinatorlayout:28.0.0-alpha1] AndroidManifest.xml:20:5-44
MERGED from [com.android.support:design-expandable:28.0.0-alpha1] AndroidManifest.xml:20:5-44
MERGED from [com.android.support:design-expandable:28.0.0-alpha1] AndroidManifest.xml:20:5-44
MERGED from [com.android.support:design-stateful:28.0.0-alpha1] AndroidManifest.xml:20:5-44
MERGED from [com.android.support:design-stateful:28.0.0-alpha1] AndroidManifest.xml:20:5-44
MERGED from [com.android.support:animated-vector-drawable:28.0.0-alpha1] AndroidManifest.xml:21:5-44
MERGED from [com.android.support:animated-vector-drawable:28.0.0-alpha1] AndroidManifest.xml:21:5-44
MERGED from [com.android.support:support-core-ui:28.0.0-alpha1] AndroidManifest.xml:21:5-44
MERGED from [com.android.support:support-core-ui:28.0.0-alpha1] AndroidManifest.xml:21:5-44
MERGED from [com.android.support:design-ripple:28.0.0-alpha1] AndroidManifest.xml:20:5-44
MERGED from [com.android.support:design-ripple:28.0.0-alpha1] AndroidManifest.xml:20:5-44
MERGED from [com.android.support:support-core-utils:28.0.0-alpha1] AndroidManifest.xml:21:5-44
MERGED from [com.android.support:support-core-utils:28.0.0-alpha1] AndroidManifest.xml:21:5-44
MERGED from [com.android.support:transition:28.0.0-alpha1] AndroidManifest.xml:21:5-44
MERGED from [com.android.support:transition:28.0.0-alpha1] AndroidManifest.xml:21:5-44
MERGED from [com.android.support:viewpager:28.0.0-alpha1] AndroidManifest.xml:21:5-44
MERGED from [com.android.support:viewpager:28.0.0-alpha1] AndroidManifest.xml:21:5-44
MERGED from [com.android.support:coordinatorlayout:28.0.0-alpha1] AndroidManifest.xml:21:5-44
MERGED from [com.android.support:coordinatorlayout:28.0.0-alpha1] AndroidManifest.xml:21:5-44
MERGED from [com.android.support:drawerlayout:28.0.0-alpha1] AndroidManifest.xml:21:5-44
MERGED from [com.android.support:drawerlayout:28.0.0-alpha1] AndroidManifest.xml:21:5-44
MERGED from [com.android.support:slidingpanelayout:28.0.0-alpha1] AndroidManifest.xml:21:5-44
MERGED from [com.android.support:slidingpanelayout:28.0.0-alpha1] AndroidManifest.xml:21:5-44
MERGED from [com.android.support:customview:28.0.0-alpha1] AndroidManifest.xml:21:5-44
MERGED from [com.android.support:customview:28.0.0-alpha1] AndroidManifest.xml:21:5-44
MERGED from [com.android.support:swiperefreshlayout:28.0.0-alpha1] AndroidManifest.xml:21:5-44
MERGED from [com.android.support:swiperefreshlayout:28.0.0-alpha1] AndroidManifest.xml:21:5-44
MERGED from [com.android.support:asynclayoutinflater:28.0.0-alpha1] AndroidManifest.xml:21:5-44
MERGED from [com.android.support:asynclayoutinflater:28.0.0-alpha1] AndroidManifest.xml:21:5-44
MERGED from [com.android.support:loader:28.0.0-alpha1] AndroidManifest.xml:21:5-44
MERGED from [com.android.support:loader:28.0.0-alpha1] AndroidManifest.xml:21:5-44
MERGED from [com.android.support:support-vector-drawable:28.0.0-alpha1] AndroidManifest.xml:20:5-44
MERGED from [com.android.support:support-vector-drawable:28.0.0-alpha1] AndroidManifest.xml:20:5-44
MERGED from [com.android.support:support-compat:28.0.0-alpha1] AndroidManifest.xml:21:5-44
MERGED from [com.android.support:support-compat:28.0.0-alpha1] AndroidManifest.xml:21:5-44
MERGED from [com.android.support:design-canvas:28.0.0-alpha1] AndroidManifest.xml:20:5-44
MERGED from [com.android.support:design-canvas:28.0.0-alpha1] AndroidManifest.xml:20:5-44
MERGED from [com.android.support:design-circularreveal-cardview:28.0.0-alpha1] AndroidManifest.xml:20:5-44
MERGED from [com.android.support:design-circularreveal-cardview:28.0.0-alpha1] AndroidManifest.xml:20:5-44
MERGED from [com.android.support:design-circularreveal:28.0.0-alpha1] AndroidManifest.xml:20:5-44
MERGED from [com.android.support:design-circularreveal:28.0.0-alpha1] AndroidManifest.xml:20:5-44
MERGED from [com.android.support:design-drawable:28.0.0-alpha1] AndroidManifest.xml:20:5-44
MERGED from [com.android.support:design-drawable:28.0.0-alpha1] AndroidManifest.xml:20:5-44
MERGED from [com.android.support:interpolator:28.0.0-alpha1] AndroidManifest.xml:21:5-44
MERGED from [com.android.support:interpolator:28.0.0-alpha1] AndroidManifest.xml:21:5-44
MERGED from [com.android.support:cursoradapter:28.0.0-alpha1] AndroidManifest.xml:21:5-44
MERGED from [com.android.support:cursoradapter:28.0.0-alpha1] AndroidManifest.xml:21:5-44
MERGED from [com.android.support:documentfile:28.0.0-alpha1] AndroidManifest.xml:21:5-44
MERGED from [com.android.support:documentfile:28.0.0-alpha1] AndroidManifest.xml:21:5-44
MERGED from [com.android.support:localbroadcastmanager:28.0.0-alpha1] AndroidManifest.xml:21:5-44
MERGED from [com.android.support:localbroadcastmanager:28.0.0-alpha1] AndroidManifest.xml:21:5-44
MERGED from [com.android.support:print:28.0.0-alpha1] AndroidManifest.xml:21:5-44
MERGED from [com.android.support:print:28.0.0-alpha1] AndroidManifest.xml:21:5-44
MERGED from [com.android.support:cardview-v7:28.0.0-alpha1] AndroidManifest.xml:21:5-44
MERGED from [com.android.support:cardview-v7:28.0.0-alpha1] AndroidManifest.xml:21:5-44
MERGED from [com.android.support:design-color:28.0.0-alpha1] AndroidManifest.xml:20:5-44
MERGED from [com.android.support:design-color:28.0.0-alpha1] AndroidManifest.xml:20:5-44
MERGED from [com.android.support:design-math:28.0.0-alpha1] AndroidManifest.xml:20:5-44
MERGED from [com.android.support:design-math:28.0.0-alpha1] AndroidManifest.xml:20:5-44
MERGED from [com.android.support:design-snackbar:28.0.0-alpha1] AndroidManifest.xml:20:5-44
MERGED from [com.android.support:design-snackbar:28.0.0-alpha1] AndroidManifest.xml:20:5-44
MERGED from [android.arch.lifecycle:runtime:1.1.0] AndroidManifest.xml:20:5-44
MERGED from [android.arch.lifecycle:runtime:1.1.0] AndroidManifest.xml:20:5-44
MERGED from [android.arch.lifecycle:viewmodel:1.1.0] AndroidManifest.xml:20:5-44
MERGED from [android.arch.lifecycle:viewmodel:1.1.0] AndroidManifest.xml:20:5-44
MERGED from [android.arch.lifecycle:livedata-core:1.1.0] AndroidManifest.xml:20:5-44
MERGED from [android.arch.lifecycle:livedata-core:1.1.0] AndroidManifest.xml:20:5-44
MERGED from [android.arch.core:runtime:1.1.0] AndroidManifest.xml:20:5-44
MERGED from [android.arch.core:runtime:1.1.0] AndroidManifest.xml:20:5-44
INJECTED from src\main\AndroidManifest.xml
INJECTED from src\main\AndroidManifest.xml
	android:targetSdkVersion
		INJECTED from src\main\AndroidManifest.xml
		ADDED from src\main\AndroidManifest.xml
		INJECTED from src\main\AndroidManifest.xml
	android:minSdkVersion
		INJECTED from src\main\AndroidManifest.xml
		ADDED from src\main\AndroidManifest.xml
		INJECTED from src\main\AndroidManifest.xml
uses-permission#android.permission.CAMERA
ADDED from [:OpenCVLibrary320] AndroidManifest.xml:11:5-65
	android:name
		ADDED from [:OpenCVLibrary320] AndroidManifest.xml:11:22-62
uses-feature#android.hardware.camera
ADDED from [:OpenCVLibrary320] AndroidManifest.xml:13:5-15:36
	android:required
		ADDED from [:OpenCVLibrary320] AndroidManifest.xml:15:9-33
	android:name
		ADDED from [:OpenCVLibrary320] AndroidManifest.xml:14:9-47
uses-feature#android.hardware.camera.autofocus
ADDED from [:OpenCVLibrary320] AndroidManifest.xml:16:5-18:36
	android:required
		ADDED from [:OpenCVLibrary320] AndroidManifest.xml:18:9-33
	android:name
		ADDED from [:OpenCVLibrary320] AndroidManifest.xml:17:9-57
uses-feature#android.hardware.camera.front
ADDED from [:OpenCVLibrary320] AndroidManifest.xml:19:5-21:36
	android:required
		ADDED from [:OpenCVLibrary320] AndroidManifest.xml:21:9-33
	android:name
		ADDED from [:OpenCVLibrary320] AndroidManifest.xml:20:9-53
uses-feature#android.hardware.camera.front.autofocus
ADDED from [:OpenCVLibrary320] AndroidManifest.xml:22:5-24:36
	android:required
		ADDED from [:OpenCVLibrary320] AndroidManifest.xml:24:9-33
	android:name
		ADDED from [:OpenCVLibrary320] AndroidManifest.xml:23:9-63
supports-screens
ADDED from [:OpenCVLibrary320] AndroidManifest.xml:26:5-31:39
	android:largeScreens
		ADDED from [:OpenCVLibrary320] AndroidManifest.xml:28:9-36
	android:smallScreens
		ADDED from [:OpenCVLibrary320] AndroidManifest.xml:31:9-36
	android:normalScreens
		ADDED from [:OpenCVLibrary320] AndroidManifest.xml:29:9-37
	android:resizeable
		ADDED from [:OpenCVLibrary320] AndroidManifest.xml:30:9-34
	android:anyDensity
		ADDED from [:OpenCVLibrary320] AndroidManifest.xml:27:9-34